<?xml version="1.0" encoding="UTF-8"?>
<testsuite xmlns:xsi="http://www.w3.org/2001/XMLSchema-instance" xsi:noNamespaceSchemaLocation="https://maven.apache.org/surefire/maven-surefire-plugin/xsd/surefire-test-report.xsd" name="org.jboss.as.quickstarts.kitchensink.spring.springmvctest.test.MemberMockMVCTest" time="2.396" tests="2" errors="0" skipped="0" failures="0">
  <properties>
    <property name="gopherProxySet" value="false"/>
    <property name="awt.toolkit" value="sun.lwawt.macosx.LWCToolkit"/>
    <property name="file.encoding.pkg" value="sun.io"/>
    <property name="java.specification.version" value="1.8"/>
    <property name="sun.cpu.isalist" value=""/>
    <property name="sun.jnu.encoding" value="UTF-8"/>
    <property name="java.class.path" value="/Users/vip/IdeaProjects/quickstart8/spring-kitchensink-springmvctest/target/test-classes:/Users/vip/IdeaProjects/quickstart8/spring-kitchensink-springmvctest/target/classes:/Users/vip/.m2/repository/com/fasterxml/jackson/core/jackson-core/2.12.3/jackson-core-2.12.3.jar:/Users/vip/.m2/repository/com/fasterxml/jackson/core/jackson-databind/2.12.3/jackson-databind-2.12.3.jar:/Users/vip/.m2/repository/com/fasterxml/jackson/core/jackson-annotations/2.12.3/jackson-annotations-2.12.3.jar:/Users/vip/.m2/repository/com/h2database/h2/1.4.197/h2-1.4.197.jar:/Users/vip/.m2/repository/com/jayway/jsonpath/json-path/2.0.0/json-path-2.0.0.jar:/Users/vip/.m2/repository/org/slf4j/slf4j-api/1.7.32/slf4j-api-1.7.32.jar:/Users/vip/.m2/repository/net/minidev/json-smart/2.1.1/json-smart-2.1.1.jar:/Users/vip/.m2/repository/net/minidev/asm/1.0.2/asm-1.0.2.jar:/Users/vip/.m2/repository/asm/asm/3.3.1/asm-3.3.1.jar:/Users/vip/.m2/repository/junit/junit/4.13.1/junit-4.13.1.jar:/Users/vip/.m2/repository/org/hamcrest/hamcrest-core/1.3/hamcrest-core-1.3.jar:/Users/vip/.m2/repository/org/apache/taglibs/taglibs-standard-impl/1.2.6-RC1/taglibs-standard-impl-1.2.6-RC1.jar:/Users/vip/.m2/repository/org/apache/taglibs/taglibs-standard-spec/1.2.6-RC1/taglibs-standard-spec-1.2.6-RC1.jar:/Users/vip/.m2/repository/org/hibernate/hibernate-entitymanager/5.3.23.Final/hibernate-entitymanager-5.3.23.Final.jar:/Users/vip/.m2/repository/org/jboss/logging/jboss-logging/3.4.2.Final/jboss-logging-3.4.2.Final.jar:/Users/vip/.m2/repository/org/hibernate/hibernate-core/5.3.23.Final/hibernate-core-5.3.23.Final.jar:/Users/vip/.m2/repository/org/javassist/javassist/3.27.0-GA/javassist-3.27.0-GA.jar:/Users/vip/.m2/repository/antlr/antlr/2.7.7/antlr-2.7.7.jar:/Users/vip/.m2/repository/org/jboss/jandex/2.3.1.Final/jandex-2.3.1.Final.jar:/Users/vip/.m2/repository/org/glassfish/jaxb/jaxb-runtime/2.3.3-b02/jaxb-runtime-2.3.3-b02.jar:/Users/vip/.m2/repository/jakarta/xml/bind/jakarta.xml.bind-api/2.3.2/jakarta.xml.bind-api-2.3.2.jar:/Users/vip/.m2/repository/org/glassfish/jaxb/txw2/2.3.3-b02/txw2-2.3.3-b02.jar:/Users/vip/.m2/repository/com/sun/istack/istack-commons-runtime/3.0.10/istack-commons-runtime-3.0.10.jar:/Users/vip/.m2/repository/com/sun/activation/jakarta.activation/1.2.2/jakarta.activation-1.2.2.jar:/Users/vip/.m2/repository/org/dom4j/dom4j/2.1.3/dom4j-2.1.3.jar:/Users/vip/.m2/repository/org/hibernate/common/hibernate-commons-annotations/5.0.5.Final/hibernate-commons-annotations-5.0.5.Final.jar:/Users/vip/.m2/repository/net/bytebuddy/byte-buddy/1.11.12/byte-buddy-1.11.12.jar:/Users/vip/.m2/repository/org/hibernate/validator/hibernate-validator/6.0.22.Final/hibernate-validator-6.0.22.Final.jar:/Users/vip/.m2/repository/com/fasterxml/classmate/1.5.1/classmate-1.5.1.jar:/Users/vip/.m2/repository/jakarta/validation/jakarta.validation-api/2.0.2/jakarta.validation-api-2.0.2.jar:/Users/vip/.m2/repository/org/hibernate/validator/hibernate-validator-annotation-processor/6.0.22.Final/hibernate-validator-annotation-processor-6.0.22.Final.jar:/Users/vip/.m2/repository/jakarta/persistence/jakarta.persistence-api/2.2.3/jakarta.persistence-api-2.2.3.jar:/Users/vip/.m2/repository/org/jboss/spec/javax/servlet/jboss-servlet-api_4.0_spec/2.0.0.Final/jboss-servlet-api_4.0_spec-2.0.0.Final.jar:/Users/vip/.m2/repository/org/jboss/spec/javax/servlet/jsp/jboss-jsp-api_2.3_spec/2.0.0.Final/jboss-jsp-api_2.3_spec-2.0.0.Final.jar:/Users/vip/.m2/repository/org/jboss/spec/javax/transaction/jboss-transaction-api_1.3_spec/2.0.0.Final/jboss-transaction-api_1.3_spec-2.0.0.Final.jar:/Users/vip/.m2/repository/org/jboss/spec/javax/xml/bind/jboss-jaxb-api_2.3_spec/2.0.1.Final/jboss-jaxb-api_2.3_spec-2.0.1.Final.jar:/Users/vip/.m2/repository/org/springframework/spring-aop/5.2.4.RELEASE/spring-aop-5.2.4.RELEASE.jar:/Users/vip/.m2/repository/org/springframework/spring-beans/5.2.4.RELEASE/spring-beans-5.2.4.RELEASE.jar:/Users/vip/.m2/repository/org/springframework/spring-context/5.2.4.RELEASE/spring-context-5.2.4.RELEASE.jar:/Users/vip/.m2/repository/org/springframework/spring-context-support/5.2.4.RELEASE/spring-context-support-5.2.4.RELEASE.jar:/Users/vip/.m2/repository/org/springframework/spring-core/5.2.4.RELEASE/spring-core-5.2.4.RELEASE.jar:/Users/vip/.m2/repository/org/springframework/spring-jcl/5.2.4.RELEASE/spring-jcl-5.2.4.RELEASE.jar:/Users/vip/.m2/repository/org/springframework/spring-expression/5.2.4.RELEASE/spring-expression-5.2.4.RELEASE.jar:/Users/vip/.m2/repository/org/springframework/spring-jdbc/5.2.4.RELEASE/spring-jdbc-5.2.4.RELEASE.jar:/Users/vip/.m2/repository/org/springframework/spring-orm/5.2.4.RELEASE/spring-orm-5.2.4.RELEASE.jar:/Users/vip/.m2/repository/org/springframework/spring-test/5.2.4.RELEASE/spring-test-5.2.4.RELEASE.jar:/Users/vip/.m2/repository/org/springframework/spring-tx/5.2.4.RELEASE/spring-tx-5.2.4.RELEASE.jar:/Users/vip/.m2/repository/org/springframework/spring-web/5.2.4.RELEASE/spring-web-5.2.4.RELEASE.jar:/Users/vip/.m2/repository/org/springframework/spring-webmvc/5.2.4.RELEASE/spring-webmvc-5.2.4.RELEASE.jar:"/>
    <property name="java.vm.vendor" value="Oracle Corporation"/>
    <property name="sun.arch.data.model" value="64"/>
    <property name="java.vendor.url" value="http://java.oracle.com/"/>
    <property name="user.timezone" value=""/>
    <property name="java.vm.specification.version" value="1.8"/>
    <property name="os.name" value="Mac OS X"/>
    <property name="user.country" value="DK"/>
    <property name="sun.java.launcher" value="SUN_STANDARD"/>
    <property name="sun.boot.library.path" value="/Library/Java/JavaVirtualMachines/jdk1.8.0_191.jdk/Contents/Home/jre/lib"/>
    <property name="sun.java.command" value="/Users/vip/IdeaProjects/quickstart8/spring-kitchensink-springmvctest/target/surefire/surefirebooter7843646972506489721.jar /Users/vip/IdeaProjects/quickstart8/spring-kitchensink-springmvctest/target/surefire 2021-10-08T09-49-55_624-jvmRun1 surefire1816844203231366777tmp surefire_36238227090772524230tmp"/>
    <property name="http.nonProxyHosts" value="local|*.local|169.254/16|*.169.254/16"/>
    <property name="surefire.test.class.path" value="/Users/vip/IdeaProjects/quickstart8/spring-kitchensink-springmvctest/target/test-classes:/Users/vip/IdeaProjects/quickstart8/spring-kitchensink-springmvctest/target/classes:/Users/vip/.m2/repository/com/fasterxml/jackson/core/jackson-core/2.12.3/jackson-core-2.12.3.jar:/Users/vip/.m2/repository/com/fasterxml/jackson/core/jackson-databind/2.12.3/jackson-databind-2.12.3.jar:/Users/vip/.m2/repository/com/fasterxml/jackson/core/jackson-annotations/2.12.3/jackson-annotations-2.12.3.jar:/Users/vip/.m2/repository/com/h2database/h2/1.4.197/h2-1.4.197.jar:/Users/vip/.m2/repository/com/jayway/jsonpath/json-path/2.0.0/json-path-2.0.0.jar:/Users/vip/.m2/repository/org/slf4j/slf4j-api/1.7.32/slf4j-api-1.7.32.jar:/Users/vip/.m2/repository/net/minidev/json-smart/2.1.1/json-smart-2.1.1.jar:/Users/vip/.m2/repository/net/minidev/asm/1.0.2/asm-1.0.2.jar:/Users/vip/.m2/repository/asm/asm/3.3.1/asm-3.3.1.jar:/Users/vip/.m2/repository/junit/junit/4.13.1/junit-4.13.1.jar:/Users/vip/.m2/repository/org/hamcrest/hamcrest-core/1.3/hamcrest-core-1.3.jar:/Users/vip/.m2/repository/org/apache/taglibs/taglibs-standard-impl/1.2.6-RC1/taglibs-standard-impl-1.2.6-RC1.jar:/Users/vip/.m2/repository/org/apache/taglibs/taglibs-standard-spec/1.2.6-RC1/taglibs-standard-spec-1.2.6-RC1.jar:/Users/vip/.m2/repository/org/hibernate/hibernate-entitymanager/5.3.23.Final/hibernate-entitymanager-5.3.23.Final.jar:/Users/vip/.m2/repository/org/jboss/logging/jboss-logging/3.4.2.Final/jboss-logging-3.4.2.Final.jar:/Users/vip/.m2/repository/org/hibernate/hibernate-core/5.3.23.Final/hibernate-core-5.3.23.Final.jar:/Users/vip/.m2/repository/org/javassist/javassist/3.27.0-GA/javassist-3.27.0-GA.jar:/Users/vip/.m2/repository/antlr/antlr/2.7.7/antlr-2.7.7.jar:/Users/vip/.m2/repository/org/jboss/jandex/2.3.1.Final/jandex-2.3.1.Final.jar:/Users/vip/.m2/repository/org/glassfish/jaxb/jaxb-runtime/2.3.3-b02/jaxb-runtime-2.3.3-b02.jar:/Users/vip/.m2/repository/jakarta/xml/bind/jakarta.xml.bind-api/2.3.2/jakarta.xml.bind-api-2.3.2.jar:/Users/vip/.m2/repository/org/glassfish/jaxb/txw2/2.3.3-b02/txw2-2.3.3-b02.jar:/Users/vip/.m2/repository/com/sun/istack/istack-commons-runtime/3.0.10/istack-commons-runtime-3.0.10.jar:/Users/vip/.m2/repository/com/sun/activation/jakarta.activation/1.2.2/jakarta.activation-1.2.2.jar:/Users/vip/.m2/repository/org/dom4j/dom4j/2.1.3/dom4j-2.1.3.jar:/Users/vip/.m2/repository/org/hibernate/common/hibernate-commons-annotations/5.0.5.Final/hibernate-commons-annotations-5.0.5.Final.jar:/Users/vip/.m2/repository/net/bytebuddy/byte-buddy/1.11.12/byte-buddy-1.11.12.jar:/Users/vip/.m2/repository/org/hibernate/validator/hibernate-validator/6.0.22.Final/hibernate-validator-6.0.22.Final.jar:/Users/vip/.m2/repository/com/fasterxml/classmate/1.5.1/classmate-1.5.1.jar:/Users/vip/.m2/repository/jakarta/validation/jakarta.validation-api/2.0.2/jakarta.validation-api-2.0.2.jar:/Users/vip/.m2/repository/org/hibernate/validator/hibernate-validator-annotation-processor/6.0.22.Final/hibernate-validator-annotation-processor-6.0.22.Final.jar:/Users/vip/.m2/repository/jakarta/persistence/jakarta.persistence-api/2.2.3/jakarta.persistence-api-2.2.3.jar:/Users/vip/.m2/repository/org/jboss/spec/javax/servlet/jboss-servlet-api_4.0_spec/2.0.0.Final/jboss-servlet-api_4.0_spec-2.0.0.Final.jar:/Users/vip/.m2/repository/org/jboss/spec/javax/servlet/jsp/jboss-jsp-api_2.3_spec/2.0.0.Final/jboss-jsp-api_2.3_spec-2.0.0.Final.jar:/Users/vip/.m2/repository/org/jboss/spec/javax/transaction/jboss-transaction-api_1.3_spec/2.0.0.Final/jboss-transaction-api_1.3_spec-2.0.0.Final.jar:/Users/vip/.m2/repository/org/jboss/spec/javax/xml/bind/jboss-jaxb-api_2.3_spec/2.0.1.Final/jboss-jaxb-api_2.3_spec-2.0.1.Final.jar:/Users/vip/.m2/repository/org/springframework/spring-aop/5.2.4.RELEASE/spring-aop-5.2.4.RELEASE.jar:/Users/vip/.m2/repository/org/springframework/spring-beans/5.2.4.RELEASE/spring-beans-5.2.4.RELEASE.jar:/Users/vip/.m2/repository/org/springframework/spring-context/5.2.4.RELEASE/spring-context-5.2.4.RELEASE.jar:/Users/vip/.m2/repository/org/springframework/spring-context-support/5.2.4.RELEASE/spring-context-support-5.2.4.RELEASE.jar:/Users/vip/.m2/repository/org/springframework/spring-core/5.2.4.RELEASE/spring-core-5.2.4.RELEASE.jar:/Users/vip/.m2/repository/org/springframework/spring-jcl/5.2.4.RELEASE/spring-jcl-5.2.4.RELEASE.jar:/Users/vip/.m2/repository/org/springframework/spring-expression/5.2.4.RELEASE/spring-expression-5.2.4.RELEASE.jar:/Users/vip/.m2/repository/org/springframework/spring-jdbc/5.2.4.RELEASE/spring-jdbc-5.2.4.RELEASE.jar:/Users/vip/.m2/repository/org/springframework/spring-orm/5.2.4.RELEASE/spring-orm-5.2.4.RELEASE.jar:/Users/vip/.m2/repository/org/springframework/spring-test/5.2.4.RELEASE/spring-test-5.2.4.RELEASE.jar:/Users/vip/.m2/repository/org/springframework/spring-tx/5.2.4.RELEASE/spring-tx-5.2.4.RELEASE.jar:/Users/vip/.m2/repository/org/springframework/spring-web/5.2.4.RELEASE/spring-web-5.2.4.RELEASE.jar:/Users/vip/.m2/repository/org/springframework/spring-webmvc/5.2.4.RELEASE/spring-webmvc-5.2.4.RELEASE.jar:"/>
    <property name="sun.cpu.endian" value="little"/>
    <property name="user.home" value="/Users/vip"/>
    <property name="user.language" value="en"/>
    <property name="java.specification.vendor" value="Oracle Corporation"/>
    <property name="java.home" value="/Library/Java/JavaVirtualMachines/jdk1.8.0_191.jdk/Contents/Home/jre"/>
    <property name="basedir" value="/Users/vip/IdeaProjects/quickstart8/spring-kitchensink-springmvctest"/>
    <property name="file.separator" value="/"/>
    <property name="line.separator" value="&#10;"/>
    <property name="java.vm.specification.vendor" value="Oracle Corporation"/>
    <property name="java.specification.name" value="Java Platform API Specification"/>
    <property name="java.awt.graphicsenv" value="sun.awt.CGraphicsEnvironment"/>
    <property name="surefire.real.class.path" value="/Users/vip/IdeaProjects/quickstart8/spring-kitchensink-springmvctest/target/surefire/surefirebooter7843646972506489721.jar"/>
    <property name="sun.boot.class.path" value="/Library/Java/JavaVirtualMachines/jdk1.8.0_191.jdk/Contents/Home/jre/lib/resources.jar:/Library/Java/JavaVirtualMachines/jdk1.8.0_191.jdk/Contents/Home/jre/lib/rt.jar:/Library/Java/JavaVirtualMachines/jdk1.8.0_191.jdk/Contents/Home/jre/lib/sunrsasign.jar:/Library/Java/JavaVirtualMachines/jdk1.8.0_191.jdk/Contents/Home/jre/lib/jsse.jar:/Library/Java/JavaVirtualMachines/jdk1.8.0_191.jdk/Contents/Home/jre/lib/jce.jar:/Library/Java/JavaVirtualMachines/jdk1.8.0_191.jdk/Contents/Home/jre/lib/charsets.jar:/Library/Java/JavaVirtualMachines/jdk1.8.0_191.jdk/Contents/Home/jre/lib/jfr.jar:/Library/Java/JavaVirtualMachines/jdk1.8.0_191.jdk/Contents/Home/jre/classes"/>
    <property name="sun.management.compiler" value="HotSpot 64-Bit Tiered Compilers"/>
    <property name="ftp.nonProxyHosts" value="local|*.local|169.254/16|*.169.254/16"/>
    <property name="java.runtime.version" value="1.8.0_191-b12"/>
    <property name="user.name" value="vip"/>
    <property name="path.separator" value=":"/>
    <property name="os.version" value="10.16"/>
    <property name="java.endorsed.dirs" value="/Library/Java/JavaVirtualMachines/jdk1.8.0_191.jdk/Contents/Home/jre/lib/endorsed"/>
    <property name="java.runtime.name" value="Java(TM) SE Runtime Environment"/>
    <property name="file.encoding" value="US-ASCII"/>
    <property name="java.vm.name" value="Java HotSpot(TM) 64-Bit Server VM"/>
    <property name="localRepository" value="/Users/vip/.m2/repository"/>
    <property name="java.vendor.url.bug" value="http://bugreport.sun.com/bugreport/"/>
    <property name="java.io.tmpdir" value="/Users/vip/IdeaProjects/quickstart8/spring-kitchensink-springmvctest/target"/>
    <property name="java.version" value="1.8.0_191"/>
    <property name="user.dir" value="/Users/vip/IdeaProjects/quickstart8/spring-kitchensink-springmvctest"/>
    <property name="os.arch" value="x86_64"/>
    <property name="java.vm.specification.name" value="Java Virtual Machine Specification"/>
    <property name="java.awt.printerjob" value="sun.lwawt.macosx.CPrinterJob"/>
    <property name="sun.os.patch.level" value="unknown"/>
    <property name="java.library.path" value="/Users/vip/Library/Java/Extensions:/Library/Java/Extensions:/Network/Library/Java/Extensions:/System/Library/Java/Extensions:/usr/lib/java:."/>
    <property name="java.vm.info" value="mixed mode"/>
    <property name="java.vendor" value="Oracle Corporation"/>
    <property name="java.vm.version" value="25.191-b12"/>
    <property name="java.ext.dirs" value="/Users/vip/Library/Java/Extensions:/Library/Java/JavaVirtualMachines/jdk1.8.0_191.jdk/Contents/Home/jre/lib/ext:/Library/Java/Extensions:/Network/Library/Java/Extensions:/System/Library/Java/Extensions:/usr/lib/java"/>
    <property name="sun.io.unicode.encoding" value="UnicodeBig"/>
    <property name="java.class.version" value="52.0"/>
    <property name="socksNonProxyHosts" value="local|*.local|169.254/16|*.169.254/16"/>
  </properties>
  <testcase name="getAccount" classname="org.jboss.as.quickstarts.kitchensink.spring.springmvctest.test.MemberMockMVCTest" time="0.25"/>
  <testcase name="getAccountClient" classname="org.jboss.as.quickstarts.kitchensink.spring.springmvctest.test.MemberMockMVCTest" time="0.048"/>
</testsuite>